<?xml version="1.0" encoding="UTF-8"?>
<testng-results ignored="0" total="1" passed="1" failed="0" skipped="0">
  <reporter-output>
  </reporter-output>
  <suite started-at="2022-07-14T19:12:50 IST" name="Default suite" finished-at="2022-07-14T19:12:50 IST" duration-ms="337">
    <groups>
    </groups>
    <test started-at="2022-07-14T19:12:50 IST" name="Default test" finished-at="2022-07-14T19:12:50 IST" duration-ms="337">
      <class name="readPDF.ReadPDFsWithPDFBox">
        <test-method signature="readTextFromPDF()[pri:1, instance:readPDF.ReadPDFsWithPDFBox@4efc180e]" started-at="2022-07-14T19:12:50 IST" name="readTextFromPDF" finished-at="2022-07-14T19:12:50 IST" duration-ms="298" status="PASS">
          <reporter-output>
          </reporter-output>
        </test-method> <!-- readTextFromPDF -->
      </class> <!-- readPDF.ReadPDFsWithPDFBox -->
    </test> <!-- Default test -->
  </suite> <!-- Default suite -->
</testng-results>
